<?xml version='1.0' encoding='UTF-8'?>
<testsuite hostname="thinkpad" name="edu.ucsb.cs.cs162.regex.RegexSpec" tests="15" errors="0" failures="0" skipped="2" time="0.02" timestamp="2018-10-14T18:45:27">
                     <properties>
[...]
</properties>
                     <testcase classname="edu.ucsb.cs.cs162.regex.RegexSpec" name="a regex should be buildable using convenience methods 1" time="0.004">
                                                 
                                               </testcase><testcase classname="edu.ucsb.cs.cs162.regex.RegexSpec" name="a regex should be buildable using convenience methods 2" time="0.001">
                                                 
                                               </testcase><testcase classname="edu.ucsb.cs.cs162.regex.RegexSpec" name="a regex should be buildable using convenience methods 3" time="0.001">
                                                 
                                               </testcase><testcase classname="edu.ucsb.cs.cs162.regex.RegexSpec" name="a regex should be buildable using convenience methods 4" time="0.001">
                                                 
                                               </testcase><testcase classname="edu.ucsb.cs.cs162.regex.RegexSpec" name="a regex should be buildable using convenience methods 5" time="0.001">
                                                 
                                               </testcase><testcase classname="edu.ucsb.cs.cs162.regex.RegexSpec" name="a regex should be buildable using convenience methods 6" time="0.001">
                                                 
                                               </testcase><testcase classname="edu.ucsb.cs.cs162.regex.RegexSpec" name="a regex should be buildable using convenience methods 7" time="0.001">
                                                 
                                               </testcase><testcase classname="edu.ucsb.cs.cs162.regex.RegexSpec" name="a regex should be buildable using convenience methods 8" time="0.001">
                                                 
                                               </testcase><testcase classname="edu.ucsb.cs.cs162.regex.RegexSpec" name="a regex should be buildable using convenience methods 9" time="0.0">
                                                 
                                               </testcase><testcase classname="edu.ucsb.cs.cs162.regex.RegexSpec" name="a regex should be buildable using convenience methods 10" time="0.0">
                                                 
                                               </testcase><testcase classname="edu.ucsb.cs.cs162.regex.RegexSpec" name="a regex should be buildable using convenience methods 11" time="0.0">
                                                 
                                               </testcase><testcase classname="edu.ucsb.cs.cs162.regex.RegexSpec" name="a regex should be buildable from strings" time="0.007">
                                                 
                                               </testcase><testcase classname="edu.ucsb.cs.cs162.regex.RegexSpec" name="a regex should pretty-print correctly" time="0.002">
                                                 
                                               </testcase><testcase classname="edu.ucsb.cs.cs162.regex.RegexSpec" name="nullable should recognize a nullable regex 1" time="0.0">
                                                 <skipped/>
                                               </testcase><testcase classname="edu.ucsb.cs.cs162.regex.RegexSpec" name="nullable should recognize a non-nullable regex 1" time="0.0">
                                                 <skipped/>
                                               </testcase>
                     <system-out><![CDATA[]]></system-out>
                     <system-err><![CDATA[]]></system-err>
                   </testsuite>